<?xml version="1.0" encoding="UTF-8"?>
<!-- Generated by org.testng.reporters.JUnitXMLReporter -->
<testsuite ignored="0" hostname="DESKTOP-OL7ELR1" failures="1" tests="3" name="Test" time="0.061" errors="0" timestamp="30 Nov 2022 11:04:36 GMT">
  <testcase classname="listenersInTestNg.Sum" name="sum" time="0.01"/>
  <testcase classname="listenersInTestNg.Sum" name="testFailed" time="0.004">
    <failure type="java.lang.AssertionError">
      <![CDATA[java.lang.AssertionError
at org.junit.Assert.fail(Assert.java:86)
at org.junit.Assert.assertTrue(Assert.java:41)
at org.junit.Assert.assertTrue(Assert.java:52)
at listenersInTestNg.Sum.testFailed(Sum.java:24)
... Removed 25 stack frames]]>
    </failure>
  </testcase> <!-- testFailed -->
  <testcase classname="listenersInTestNg.Sum" name="testSkipped" time="0.003">
    <skipped/>
  </testcase> <!-- testSkipped -->
</testsuite> <!-- Test -->
