<?xml version="1.0" encoding="UTF-8"?>
<!-- Generated by org.testng.reporters.JUnitXMLReporter -->
<testsuite ignored="4" hostname="DESKTOP-OL7ELR1" failures="0" tests="3" name="Test" time="0.053" errors="0" timestamp="30 Nov 2022 09:40:42 GMT">
  <testcase classname="grouping_testNg_methods.CarLoan" name="mobileCarLoanLogin" time="0.01"/>
  <testcase classname="grouping_testNg_methods.MobileLoan" name="webMobileLoanLogin" time="0.002"/>
  <testcase classname="grouping_testNg_methods.HomeLoan" name="apiHomeLoanLogin" time="0.002"/>
  <testcase classname="grouping_testNg_methods.CarLoan" name="apiCarLoanLogin" time="0.0">
    <ignored/>
  </testcase> <!-- apiCarLoanLogin -->
  <testcase classname="grouping_testNg_methods.MobileLoan" name="apiMobileLoanLogin" time="0.0">
    <ignored/>
  </testcase> <!-- apiMobileLoanLogin -->
  <testcase classname="grouping_testNg_methods.CarLoan" name="webCarLoanLogin" time="0.0">
    <ignored/>
  </testcase> <!-- webCarLoanLogin -->
  <testcase classname="grouping_testNg_methods.HomeLoan" name="webHomeLoanLogin" time="0.0">
    <ignored/>
  </testcase> <!-- webHomeLoanLogin -->
</testsuite> <!-- Test -->
