<?xml version="1.0" encoding="UTF-8"?>
<testng-results ignored="0" total="3" passed="3" failed="0" skipped="0">
  <reporter-output>
  </reporter-output>
  <suite started-at="2022-11-30T10:36:09Z" name="Suite" finished-at="2022-11-30T10:36:10Z" duration-ms="159">
    <groups>
    </groups>
    <test started-at="2022-11-30T10:36:09Z" name="sum" finished-at="2022-11-30T10:36:09Z" duration-ms="45">
      <class name="parameteriztionIntestNg.Sum">
        <test-method signature="sum(int, int)[pri:0, instance:parameteriztionIntestNg.Sum@4310d43]" started-at="2022-11-30T10:36:09Z" name="sum" finished-at="2022-11-30T10:36:09Z" duration-ms="10" status="PASS">
          <params>
            <param index="0">
              <value>
                <![CDATA[5]]>
              </value>
            </param>
            <param index="1">
              <value>
                <![CDATA[5]]>
              </value>
            </param>
          </params>
          <reporter-output>
          </reporter-output>
        </test-method> <!-- sum -->
      </class> <!-- parameteriztionIntestNg.Sum -->
    </test> <!-- sum -->
    <test started-at="2022-11-30T10:36:10Z" name="subtract" finished-at="2022-11-30T10:36:10Z" duration-ms="5">
      <class name="parameteriztionIntestNg.subtract">
        <test-method signature="sum(int, int)[pri:0, instance:parameteriztionIntestNg.subtract@6fdbe764]" started-at="2022-11-30T10:36:10Z" name="sum" finished-at="2022-11-30T10:36:10Z" duration-ms="2" status="PASS">
          <params>
            <param index="0">
              <value>
                <![CDATA[5]]>
              </value>
            </param>
            <param index="1">
              <value>
                <![CDATA[5]]>
              </value>
            </param>
          </params>
          <reporter-output>
          </reporter-output>
        </test-method> <!-- sum -->
      </class> <!-- parameteriztionIntestNg.subtract -->
    </test> <!-- subtract -->
    <test started-at="2022-11-30T10:36:10Z" name="mutliplication" finished-at="2022-11-30T10:36:10Z" duration-ms="6">
      <class name="parameteriztionIntestNg.multiplication">
        <test-method signature="sum(int, int)[pri:0, instance:parameteriztionIntestNg.multiplication@7b36aa0c]" started-at="2022-11-30T10:36:10Z" name="sum" finished-at="2022-11-30T10:36:10Z" duration-ms="3" status="PASS">
          <params>
            <param index="0">
              <value>
                <![CDATA[5]]>
              </value>
            </param>
            <param index="1">
              <value>
                <![CDATA[5]]>
              </value>
            </param>
          </params>
          <reporter-output>
          </reporter-output>
        </test-method> <!-- sum -->
      </class> <!-- parameteriztionIntestNg.multiplication -->
    </test> <!-- mutliplication -->
  </suite> <!-- Suite -->
</testng-results>
