<?xml version="1.0" encoding="UTF-8"?>
<!-- Generated by org.testng.reporters.JUnitXMLReporter -->
<testsuite ignored="2" hostname="DESKTOP-OL7ELR1" failures="0" tests="1" name="car_loan" time="0.006" errors="0" timestamp="30 Nov 2022 09:05:46 GMT">
  <testcase classname="com.testNG_Practice.test.Module2" name="APICarLoan" time="0.003"/>
  <testcase classname="com.testNG_Practice.test.Module2" name="MobileCarLoan" time="0.0">
    <ignored/>
  </testcase> <!-- MobileCarLoan -->
  <testcase classname="com.testNG_Practice.test.Module2" name="WebCarLoan" time="0.0">
    <ignored/>
  </testcase> <!-- WebCarLoan -->
</testsuite> <!-- car_loan -->
